The system is: Windows - 10.0.19043 - AMD64
Compiling the C compiler identification source file "CMakeCCompilerId.c" succeeded.
Compiler: C:/Program Files (x86)/Microsoft Visual Studio/2019/Community/VC/Tools/MSVC/14.29.30133/bin/Hostx86/x86/cl.exe 
Build flags: 
Id flags:  

The output was:
0
用于 x86 的 Microsoft (R) C/C++ 优化编译器 19.29.30143 版
版权所有(C) Microsoft Corporation。保留所有权利。

CMakeCCompilerId.c
Microsoft (R) Incremental Linker Version 14.29.30143.0
Copyright (C) Microsoft Corporation.  All rights reserved.

/out:CMakeCCompilerId.exe 
CMakeCCompilerId.obj 


Compilation of the C compiler identification source "CMakeCCompilerId.c" produced "CMakeCCompilerId.exe"

Compilation of the C compiler identification source "CMakeCCompilerId.c" produced "CMakeCCompilerId.obj"

The C compiler identification is MSVC, found in "C:/Users/pro/3DCV_Triangulation/cmake-build-debug-visual-studio/CMakeFiles/3.22.3/CompilerIdC/CMakeCCompilerId.exe"

Compiling the CXX compiler identification source file "CMakeCXXCompilerId.cpp" succeeded.
Compiler: C:/Program Files (x86)/Microsoft Visual Studio/2019/Community/VC/Tools/MSVC/14.29.30133/bin/Hostx86/x86/cl.exe 
Build flags: 
Id flags:  

The output was:
0
用于 x86 的 Microsoft (R) C/C++ 优化编译器 19.29.30143 版
版权所有(C) Microsoft Corporation。保留所有权利。

CMakeCXXCompilerId.cpp
Microsoft (R) Incremental Linker Version 14.29.30143.0
Copyright (C) Microsoft Corporation.  All rights reserved.

/out:CMakeCXXCompilerId.exe 
CMakeCXXCompilerId.obj 


Compilation of the CXX compiler identification source "CMakeCXXCompilerId.cpp" produced "CMakeCXXCompilerId.exe"

Compilation of the CXX compiler identification source "CMakeCXXCompilerId.cpp" produced "CMakeCXXCompilerId.obj"

The CXX compiler identification is MSVC, found in "C:/Users/pro/3DCV_Triangulation/cmake-build-debug-visual-studio/CMakeFiles/3.22.3/CompilerIdCXX/CMakeCXXCompilerId.exe"

Detecting C compiler ABI info compiled with the following output:
Change Dir: C:/Users/pro/3DCV_Triangulation/cmake-build-debug-visual-studio/CMakeFiles/CMakeTmp

Run Build Command(s):C:/Program Files/JetBrains/CLion 2022.1/bin/ninja/win/ninja.exe cmTC_5a5b2 && [1/2] Building C object CMakeFiles\cmTC_5a5b2.dir\CMakeCCompilerABI.c.obj
[2/2] Linking C executable cmTC_5a5b2.exe



Detecting CXX compiler ABI info compiled with the following output:
Change Dir: C:/Users/pro/3DCV_Triangulation/cmake-build-debug-visual-studio/CMakeFiles/CMakeTmp

Run Build Command(s):C:/Program Files/JetBrains/CLion 2022.1/bin/ninja/win/ninja.exe cmTC_6f2d9 && [1/2] Building CXX object CMakeFiles\cmTC_6f2d9.dir\CMakeCXXCompilerABI.cpp.obj
[2/2] Linking CXX executable cmTC_6f2d9.exe



Determining if the function sqrt exists passed with the following output:
Change Dir: C:/Users/pro/3DCV_Triangulation/cmake-build-debug-visual-studio/CMakeFiles/CMakeTmp

Run Build Command(s):C:/Program Files/JetBrains/CLion 2022.1/bin/ninja/win/ninja.exe cmTC_6bebf && [1/2] Building C object CMakeFiles\cmTC_6bebf.dir\CheckFunctionExists.c.obj
[2/2] Linking C executable cmTC_6bebf.exe



